<?xml version="1.0" encoding="UTF-8"?>
<!-- Generated by org.testng.reporters.JUnitReportReporter -->
<testsuite skipped="0" hostname="DESKTOP-N6FTDHI" name="tests.TalkWithUsButtonTest" tests="1" failures="0" timestamp="03 אוק 2020 14:00:57 GMT" time="21.246" errors="0">
  <testcase name="talkWithUsButtonTest" time="21.246" classname="tests.TalkWithUsButtonTest"/>
</testsuite> <!-- tests.TalkWithUsButtonTest -->
