<?xml version="1.0" encoding="UTF-8"?>
<!-- Generated by org.testng.reporters.JUnitReportReporter -->
<testsuite hostname="DESKTOP-N6FTDHI" failures="0" tests="1" name="tests.T" time="20.676" errors="0" timestamp="03 אוק׳ 2020 10:59:21 GMT" skipped="0">
  <testcase classname="tests.T" name="testtt" time="20.676"/>
</testsuite> <!-- tests.T -->
