<?xml version="1.0" encoding="UTF-8"?>
<!-- Generated by org.testng.reporters.JUnitReportReporter -->
<testsuite hostname="DESKTOP-N6FTDHI" failures="0" tests="1" name="tests.TalkWithUsButtonTest" time="20.817" errors="0" timestamp="03 אוק׳ 2020 11:00:45 GMT" skipped="0">
  <testcase classname="tests.TalkWithUsButtonTest" name="talkWithUsButtonTest" time="20.817"/>
</testsuite> <!-- tests.TalkWithUsButtonTest -->
